00:00:00.000833 main     VirtualBox XPCOM Server 7.0.14 r161095 linux.amd64 (Jan 19 2024 13:54:29) release log
00:00:00.000835 main     Log opened 2024-03-17T09:49:27.151425000Z
00:00:00.000837 main     Build Type: release
00:00:00.000840 main     OS Product: Linux
00:00:00.000842 main     OS Release: 6.7.9-arch1-1
00:00:00.000844 main     OS Version: #1 SMP PREEMPT_DYNAMIC Fri, 08 Mar 2024 01:59:01 +0000
00:00:00.000878 main     DMI Product Name: 20UDCTO1WW
00:00:00.000886 main     DMI Product Version: ThinkPad T14 Gen 1
00:00:00.000891 main     Firmware type: UEFI
00:00:00.001494 main     Secure Boot: Disabled
00:00:00.001520 main     Host RAM: 15211MB (14.8GB) total, 14123MB (13.7GB) available
00:00:00.001523 main     Executable: /usr/lib/virtualbox/VBoxSVC
00:00:00.001525 main     Process ID: 1341
00:00:00.001526 main     Package type: LINUX_64BITS_GENERIC (OSE)
00:00:00.002996 main     IPC socket path: /tmp/.vbox-revia-ipc/ipcd
00:00:00.121302 nspr-2   VirtualBox: object creation starts
00:00:00.122654 nspr-2   Home directory: '/home/revia/.config/VirtualBox'
00:00:00.123167 nspr-2   Loading settings file "/home/revia/.config/VirtualBox/VirtualBox.xml" with version "1.12-linux"
00:00:00.131742 nspr-2   Failed to retrive disk info: getDiskName(/dev/mapper/vg_root-lv_root) --> vg_root-lv_root
00:00:00.151398 nspr-2   NetIfAdpCtlOut: VBoxNetAdpCtl: Error while retrieving link speed for wlp3s0: VBoxNetAdpCtl: ioctl failed: Operation not supported
00:00:00.155329 nspr-2   HostDnsMonitor: initializing
00:00:00.155702 nspr-2   NAT: resolv.conf: nameserver 192.168.1.1
00:00:00.155720 nspr-2   NAT: resolv.conf: nameserver 240d:1e:149:a400:d6c1:c8ff:fe60:df62
00:00:00.155748 nspr-2   HostDnsMonitor: updating information
00:00:00.155771 nspr-2   HostDnsMonitor: old information
00:00:00.155779 nspr-2     no server entries
00:00:00.155786 nspr-2     no domain set
00:00:00.155794 nspr-2     no search string entries
00:00:00.155801 nspr-2   HostDnsMonitor: new information
00:00:00.155808 nspr-2     server 1: 192.168.1.1
00:00:00.155817 nspr-2     server 2: 240d:1e:149:a400:d6c1:c8ff:fe60:df62
00:00:00.155824 nspr-2     no domain set
00:00:00.155831 nspr-2     no search string entries
00:00:00.161378 nspr-2   VD: VDInit finished with VINF_SUCCESS
00:00:00.162142 nspr-2   ERROR [COM]: aRC=NS_ERROR_FAILURE (0x80004005) aIID={aac6c7cb-a371-4c58-ab51-0616896b2f2c} aComponent={SystemPropertiesWrap} aText={Cannot determine default Guest Additions ISO location. Most likely they are not available}, preserve=false aResultDetail=0
00:00:00.164090 nspr-2   VirtualBox: object created
00:00:00.917197 nspr-3   WARNING [COM]: aRC=NS_ERROR_FAILURE (0x80004005) aIID={e54f6256-97a7-4947-8a78-10c013ddf4b8} aComponent={HostWrap} aText={VirtualBox is not currently allowed to access USB devices.  You can change this by adding your user to the 'vboxusers' group.  Please see the user manual for a more detailed explanation}, preserve=false aResultDetail=0
00:00:01.406062 nspr-2   Saving settings file "/home/revia/.config/VirtualBox/VirtualBox.xml" with version "1.12-linux"
00:00:01.412850 nspr-2   Finished saving settings file "/home/revia/.config/VirtualBox/VirtualBox.xml"
00:00:11.941493 main     VirtualBox: object deletion starts
00:00:11.941812 main     HostDnsMonitor: shutting down ...
00:00:11.954494 main     HostDnsMonitor: shut down
00:00:11.965909 Watcher  ERROR [COM]: aRC=E_ACCESSDENIED (0x80070005) aIID={7682d5eb-f00e-44f1-8ca2-99d08b1cd607} aComponent={VirtualBoxWrap} aText={The object is not ready}, preserve=false aResultDetail=0
00:00:11.966046 main     VirtualBox: object deleted
